assoc
at
atmadm
attrib
bootcfg
break
cacls
call
cd
chcp
chdir
chkdsk
chkntfs
choice
cipher
cls
cmd
cmstp
color
command
comp
compact
convert
copy
cvt
date
debug
del
deltree
dir
diskcomp
diskcopy
diskpart
doskey
dosx
echo
edit
edlin
emm386
endlocal
erase
eventcreate
exit
expand
fasthelp
fastopen
fc
fdisk
find
findstr
for
format
ftype
ftp
goto
graftabl
graphics
if
keyb
label
lh
loadfix
loadhigh
md
mem
mkdir
mode
more
move
mscdex
msd
net
nlsfunc
path
pause
popd
print
prompt
pushd
qbasic
rd
recover
rem
ren
rename
replace
rexec
rmdir
rsh
rundll32
scandisk
set
setlocal
shift
sys
sort
start
subst
telnet
time
title
type
tree
ver
verify
vol
xcopy
