DOS 6.11 ir naujesnë operacinë sistema<br>
 <b><br>
Sintaksë</b><br>
  <dl>
  <dt>
Copy failas1 failas2<br>
  </dt>  <dd>

 Kopijuoja failas1 á failas2.</dd> </dl> <dl>
  <dt>
 Copy failas1+failas2 failas3</dt>  <dd>

Kopijuoja failas1 ir failas2 turinius á failas3.</dd> </dl> <dl>
  <dt>
 Copy Con[:] failas</dt>  <dd>

Leidþia ávedinëti klaviatûra tekstà, kol nepaspausta Ctrl+Z. O tada  ávestà tekstà áraðo á failà.<br>
<b>Áspëjimas:</b> komandos sintaksë skirtingose operacijø sistemø versijose  gali skirtis.<br>
  </dd> </dl> <dl>
  <dt>
<b>Pavyzdys<br>
</b>@echo off<br>
  rem kopijuoja visus failus ið pagrindinio a: disko katalogo á pagrindiná b:  disko katalogà:<br>
  copy a:\*.* b:\*.*</dt> </dl>