Dauguma OS<br>
<b><br>
Sintaksë</b><br>
<dl>
  <dt>
Set [<i>kintamasis</i>=[<i>reikðmë</i>]]</dt>  <dd>

Priskiria kintamajam nurodytàjà reikðmæ.<br>
    Jeigu reikðmë nëra nurodyta, kintamasis paðalinamas ið kintamøjø sàraðo.<br>
    Paraðykite komandà be parametrø, tam kad iðvystømëte kintamøjø ir jø reikðmiø     sàraðà.<br>
    Bûkite atsargus keisdami kintamøjø reikðmes, nes kai kuriø kintamøjø reikðmës     gali pakeisti sistemos darbà (tokie kintamieji vadinami specialiaisiais kintamaisiais).     <br>
  </dd>  <dt>
&nbsp;</dt>  <dd>

&nbsp;</dd>  <dt>
<font color="#009900">Set <i>/P kintamasis</i>=[<i>reikðmë</i>]</font></dt>  <dd>

Priskiria nurodytajam <i>kintamajam</i> reikðmë ávestà     ið klaviatûros. </dd>  <dt>
<br>
    <font color="#009900">Set <i>/A veiksmas</i></font></dt>  <dd>

Vykdo matematinius ar palygininamuosius veiksmus su kintamaisiais.<br>
    Su ðia komanda galima naudoti ðiuos operatorius (<i>veiksmo</i>     vietoje): <br>
    <table border="0" align="center" cellpadding="2" cellspacing="2">      <tr>         <td align="right" valign="top" bgcolor="#CCFF99">Grupavimas:</td>        <td align="center" valign="middle" bgcolor="#FFCCFF">(</td>        <td align="center" valign="middle" bgcolor="#FFCCCC">)</td>        <td colspan="3" align="center" valign="middle">&nbsp;</td>        <td colspan="5" rowspan="3" align="center" valign="middle">&nbsp;</td>      </tr>      <tr>         <td align="right" valign="top" bgcolor="#CCFF99">Paneigimas:</td>        <td align="center" valign="middle" bgcolor="#FFCCFF">!</td>        <td align="center" valign="middle" bgcolor="#FFCCCC">~</td>        <td align="center" valign="middle" bgcolor="#FFCC99">-</td>        <td colspan="2" align="center" valign="middle">&nbsp;</td>      </tr>      <tr>         <td align="right" valign="top" bgcolor="#CCFF99"> Aritmetiniai operatoriai:</td>        <td align="center" valign="middle" bgcolor="#FFCCFF">*</td>        <td align="center" valign="middle" bgcolor="#FFCCCC">/</td>        <td align="center" valign="middle" bgcolor="#FFCC99">%</td>        <td align="center" valign="middle" bgcolor="#FFCC66">+</td>        <td align="center" valign="middle" bgcolor="#FFCC00">-</td>      </tr>      <tr>         <td align="right" valign="top" bgcolor="#CCFF99">Loginis palyginimas:</td>        <td align="center" valign="middle" bgcolor="#FFCCFF">&lt;&lt;</td>        <td align="center" valign="middle" bgcolor="#FFCCCC">&gt;&gt;</td>        <td colspan="8" align="center" valign="middle">&nbsp;</td>      </tr>      <tr>         <td align="right" valign="top" bgcolor="#CCFF99">Operatorius "IR":</td>        <td align="center" valign="middle" bgcolor="#FFCCFF">&amp;</td>        <td colspan="9" rowspan="3" align="center" valign="middle">&nbsp;</td>      </tr>      <tr>         <td align="right" valign="top" bgcolor="#CCFF99">Operatorius "Iðskirtinis           ARBA":</td>        <td align="center" valign="middle" bgcolor="#FFCCFF">^ </td>      </tr>      <tr>         <td align="right" valign="top" bgcolor="#CCFF99">Operatorius "ARBA":</td>        <td align="center" valign="middle" bgcolor="#FFCCFF">| </td>      </tr>      <tr>         <td align="right" valign="top" bgcolor="#CCFF99">Palyginimas/prilyginimas:</td>        <td align="center" valign="middle" bgcolor="#FFCCFF">=</td>        <td align="center" valign="middle" bgcolor="#FFCCCC">*=</td>        <td align="center" valign="middle" bgcolor="#FFCC99">%=</td>        <td align="center" valign="middle" bgcolor="#FFCC66">+=</td>        <td align="center" valign="middle" bgcolor="#FFCC00">-=</td>        <td align="center" valign="middle" bgcolor="#FFCC33">&amp;=</td>        <td align="center" valign="middle" bgcolor="#FFCC66">^=</td>        <td align="center" valign="middle" bgcolor="#FFCC99">|=</td>        <td align="center" valign="middle" bgcolor="#FFCCCC">&lt;&lt;=</td>        <td align="center" valign="middle" bgcolor="#FFCCFF">&gt;&gt;=</td>      </tr>      <tr>         <td align="right" valign="top" bgcolor="#CCFF99">Veiksmø atskirimas:</td>        <td align="center" valign="middle" bgcolor="#FFCCFF">,</td>        <td colspan="9" align="center" valign="middle">&nbsp;</td>      </tr>    </table>    <p>

&ETH;tai kai kurie specialûs kintamieji: </p>  </dd></dl><table width="86%" border="0" align="center" cellpadding="2" cellspacing="2" bordercolor="#CC0000" bgcolor="#FFFFFF">  <tr align="center" valign="top">     <th bgcolor="#00CC00"><font color="#663300">OS</td> </font>    <th bgcolor="#FF44CC"><font color="#663300">Kintamasis</td> </font>    <th bgcolor="#FF00FF"><font color="#663300">Kintamojo apibûdinimas</td>       </font></tr>  <tr align="left" valign="top">     <td rowspan="7" bgcolor="#CCFF00">Bet kuri OS</td>    <td bgcolor="#FF99CC">TEMP</td>    <td bgcolor="#FF99FC">Nurodo laikinàjá katalogà</td>  </tr>  <tr align="left" valign="top">     <td bgcolor="#FFCC99">TMP</td>    <td bgcolor="#FFCCC9">Nurodo laikinàjá katalogà</td>  </tr>  <tr align="left" valign="top">     <td bgcolor="#FF99CC">PROMPT</td>    <td bgcolor="#FF99FC">Komandinës eilutës uþklausos parametrai</td>  </tr>  <tr align="left" valign="top">     <td bgcolor="#FFCC99">PATH</td>    <td bgcolor="#FFCCC9">Nurodo katalogus, kur ieðkoti komandinëje eilutëje       nurodytø programø </td>  </tr>  <tr align="left" valign="top">     <td bgcolor="#FF99CC">COMSPEC</td>    <td bgcolor="#FF99FC">Nurodo komandinës eilutës programà       (pvz.: C:\command.com)</td>  </tr>  <tr align="left" valign="top">     <td bgcolor="#FFCC99">DIRCMD</td>    <td bgcolor="#FFCCC9">Nurodo komandos DIR parametrus</td>  </tr>  <tr align="left" valign="top">     <td bgcolor="#FF99CC">COPYCMD</td>    <td bgcolor="#FF99FC">Nurodo komandos Copy parametrus</td>  </tr>  <tr align="left" valign="top">     <td bgcolor="#99FF00">Bet kuri Windows</td>    <td bgcolor="#FFCC99">WinDir</td>    <td bgcolor="#FFCCC9">Katalogas, á kurá ádiegta Windows operacinë sistema</td>  </tr>  <tr align="left" valign="top">     <td rowspan="14" bgcolor="#CCFF00">Windows 2000/XP</td>    <td bgcolor="#FF99CC">NUMBER_OF_PROCESSORS</td>    <td bgcolor="#FF99FC">Skaièius, kiek kompiuteris turi procesoriø</td>  </tr>  <tr align="left" valign="top">     <td bgcolor="#FFCC99">OS</td>    <td bgcolor="#FFCCC9">Operacinë sistema</td>  </tr>  <tr align="left" valign="top">     <td bgcolor="#FF99CC">PATHEXT</td>    <td bgcolor="#FF99FC">Vykdomøjø failø galûnës</td>  </tr>  <tr align="left" valign="top">     <td bgcolor="#FFCC99">PROCESSOR_ARCHITECTURE</td>    <td bgcolor="#FFCCC9">Procesoriaus architektûra</td>  </tr>  <tr align="left" valign="top">     <td bgcolor="#FF99CC">PROCESSOR_IDENTIFIER</td>    <td bgcolor="#FF99FC">Procesoriaus pavadinimas ir/arba apibûdinimas</td>  </tr>  <tr align="left" valign="top">     <td bgcolor="#FFCC99">PROCESSOR_LEVEL</td>    <td bgcolor="#FFCCC9">Procesoriaus lygis</td>  </tr>  <tr align="left" valign="top">     <td bgcolor="#FF99CC">PROCESSOR_REVISION</td>    <td bgcolor="#FF99FC">Procesoriaus kodas</td>  </tr>  <tr align="left" valign="top">     <td bgcolor="#FFCC99">SESSIONNAME</td>    <td bgcolor="#FFCCC9">Darbo sesijos vardas</td>  </tr>  <tr align="left" valign="top">     <td bgcolor="#FF99CC">SYSTEMDRIVE</td>    <td bgcolor="#FF99FC">Sisteminis diskas</td>  </tr>  <tr align="left" valign="top">     <td bgcolor="#FFCC99">SYSTEMROOT</td>    <td bgcolor="#FFCCC9">Operacinës sistemos katalogas</td>  </tr>  <tr align="left" valign="top">     <td bgcolor="#FF99CC">USERDOMAIN</td>    <td bgcolor="#FF99FC">Vartotojo domeinas</td>  </tr>  <tr align="left" valign="top">     <td bgcolor="#FFCC99">USERNAME</td>    <td bgcolor="#FFCCC9">Dabartinis kompiuterio vartotojo vardas</td>  </tr>  <tr align="left" valign="top">     <td bgcolor="#FF99CC">USERPROFILE</td>    <td bgcolor="#FF99FC">Katalogas su duomenimis apie kompiuterio vartotojà</td>  </tr>  <tr align="left" valign="top">     <td bgcolor="#FFCC99">ProgramFiles</td>    <td bgcolor="#FFCCC9">Program Files katalogas</td>  </tr>  <tr align="left" valign="top">     <td rowspan="20" bgcolor="#99FF00">Windows 2000/XP<br>
 <font size="1">tik       skaitymui skirti kintamieji (veikia tik tada, kai yra ájungti komandinës       eilutës papildymai)</font></td>    <td bgcolor="#FF99CC">CD</td>    <td bgcolor="#FF99FC">Dabartinis katalogas</td>  </tr>  <tr align="left" valign="top">     <td bgcolor="#FFCC99">DATE</td>    <td bgcolor="#FFCCC9">Data</td>  </tr>  <tr align="left" valign="top">     <td bgcolor="#FF99CC">TIME</td>    <td bgcolor="#FF99FC">Laikas</td>  </tr>  <tr align="left" valign="top">     <td bgcolor="#FFCC99">RANDOM</td>    <td bgcolor="#FFCCC9">Bet koks atsitiktinis skaièius nuo 0 iki 32767</td>  </tr>  <tr align="left" valign="top">     <td bgcolor="#FF99CC">ERRORLEVEL</td>    <td bgcolor="#FF99FC">ERRORLEVEL numeris</td>  </tr>  <tr align="left" valign="top">     <td bgcolor="#FFCC99">CMDEXTVERSION</td>    <td bgcolor="#FFCCC9">Komandinës eilutës papildymø versija</td>  </tr>  <tr align="left" valign="top">     <td bgcolor="#FF99CC">CMDCMDLINE</td>    <td bgcolor="#FF99FC">Komandø interpretatoriaus komandinë eilutë.</td>  </tr></table><dt>
&nbsp;</dt><dl>
  <dl>
    <dt>
<b>Áspëjimas:</b> þaliai paþymëtos       komandos veikia tik Windows 2000 ar naujesnëje operacinëje sistemoje.     </dt>  </dl></dl><dt>
  <b>Pavyzdys<br>
  </b>@Echo Off<br>
  Set A=as<br>
  Echo Is pradziu kintamojo A reiksme buvo "%A%"<br>
  Set A=<br>
  Echo Bet paskui ji buvo istrinta. Tada A reiksme tapo "%A%"</dt>