[file]=file.gif
->=next.gif
[idea]=idea.gif
!!=warning.gif
??=question.gif
[smart]=smart.gif
:)))=fullcolorhappy.gif
:))=happy3.gif
:)=happy.gif
:(((((=cry3.gif
:((((=cry2.gif
:(((=cry.gif
:((=angry.gif
:(=engry.gif
:?=unknowface.gif
:DD=veryfunny.gif
:D=happy2.gif
:^=redface.gif
[wrong]=wrong.gif
[rigth]=right.gif
[evil][evil]=twistedevil.gif
[evil]=evil.gif
:~=confused.gif
:O=wow.gif
:o=surprised.gif
[smoking]=smoking.gif
(-/\-)=showass.gif
:P=lick.gif
[fe]=fe.gif
!!!=warning2.gif
[heart]=heart.gif
@>>--=flower.gif
[inlove]=inlove.gif
[beautifull]=beautifull.gif
[woman]=woman.gif
[no]=no.gif
[hey]=hey.gif
[newmsg]=newmessage.gif
[privatmsg]=privat.gif
[addressbook]=addr.gif
[lips]=lips.gif
[glass]=glass.gif
[beer]=beer.gif
[gift]=gift.gif
[start]=star.gif
:*=kiss.gif
[drunk]=drunk.gif
[pf]=purpleface.gif
[men]=men.gif
[gf]=grayface.gif
[am]eatyou.gif
[onepar]=hug.gif
[brokenheart]=brokeheard.gif
[tired]=tired.gif
[pig]=pig.gif
[phone]=phone.gif
[icons]=icons.lst