Iðtrinta kategorija|Iðtrinta kategorija, kurios id yra   atsisiuntimø skyrelyje.|2003.04.05 20:46:15|Administratorius
Iðtrinta kategorija|Iðtrinta kategorija <B></B> atsisiuntimø skyrelyje.|2003.04.05 20:43:45|Administratorius
Iðtrinta kategorija|Iðtrinta kategorija <B></B> atsisiuntimø skyrelyje.|2003.04.05 20:43:17|Administratorius
Paðalintas katalogas|Paðalintas katalogas, kurio id yra 3 atsisiuntimø skyrelyje.|2003.04.05 20:42:53|Administratorius
Paðalintas katalogas|Paðalintas katalogas, kurio id yra 1 atsisiuntimø skyrelyje.|2003.04.05 20:42:19|Administratorius
Iðtrinta kategorija|Iðtrinta kategorija <B></B> atsisiuntimø skyrelyje.|2003.04.05 20:37:25|Administratorius
Paðalintas failas|Paðalintas failas, kurio id yra 2 atsisiuntimø skyrelyje.|2003.04.05 20:37:01|Administratorius
Pridëtas failas á atsiuntimø skyrelá|Pridëtas naujas failas <B>Rexla</B> atsisiuntimø skyrelyje. Trumpas ðio failo apibûdinimas:   ûifaoû09qwe û0 09û0q90 ui uiofd uoiu|2003.04.05 20:36:16|Administratorius
Naujas katalogas|Pridëtas naujas katalogas <B>assyautu</B> atsisiuntimø skyrelyje. Trumpas ðio katalogo apibûdinimas: dsû 90û0-û90dqû û 09û09 eû90qwd|2003.04.05 20:35:26|Administratorius
Nauja kategorija|Pridëta nauja kategorija Þaidimai atsisiuntimø skyrelyje. Trumpas ðios kategorijos apibûdinimas: Visokie þaidimai ir viskas kas su jais susijæ.|2003.04.05 20:18:42|Administratorius
Nauja kategorija|Pridëta nauja kategorija Lietuviðkos Programos atsisiuntimø skyrelyje. Trumpas ðios kategorijos apibûdinimas: Programos lietuviø kalba.|2003.04.05 20:17:33|Administratorius
21int|sahuiyias  isoyasoi yioasy :)|2003.04.05 20:05:38|MekDrop
rytrytr|[inlove] :)|2003.04.01 23:31:46|hguy
:))|:) :)) :))) :)))) :))))) :( :(( :((( :(((( :((((( :D :DD :~ :^|2003.04.01 21:18:20|:)
satydtsu|dsuiousd
dsuiosduoi
sd908sd0809sd
:) :)) :)))
:( :(( :(((|2003.04.01 21:16:09|asrtsra
tsdrytrdsd|[file]=file.gif
->=next.gif
[idea]=idea.gif
!!=warning.gif
??=question.gif
[smart]=smart.gif
:)))=fullcolorhappy.gif
:))=happy3.gif
:)=happy.gif
:(((((=cry3.gif
:((((=cry2.gif
:(((=cry.gif
:((=angry.gif
:(=engry.gif
:?=unknowface.gif
:D=happy2.gif
:DD=veryfunny.gif
:^=redface.gif
[wrong]=wrong.gif
[rigth]=right.gif
[evil][evil]=twistedevil.gif
[evil]=evil.gif
:~=confused.gif
:O=wow.gif
:o=surprised.gif
[smoking]=smoking.gif
(-/\\-)=showass.gif
:P=lick.gif
[fe]=fe.gif
!!!=warning2.gif
[heart]=heart.gif
@>>--=flower.gif
[inlove]=inlove.gif
[beautifull]=beautifull.gif
[woman]=woman.gif
[no]=no.gif
[hey]=hey.gif
[newmsg]=newmessage.gif
[privatmsg]=privat.gif
[addressbook]=addr.gif
[lips]=lips.gif
[glass]=glass.gif
[beer]=beer.gif
[gift]=gift.gif
[start]=star.gif
:*=kiss.gif
[drunk]=drunk.gif
[pf]=purpleface.gif
[men]=men.gif
[gf]=grayface.gif
[am]eatyou.gif
[onepar]=hug.gif
[brokenheart]=brokeheard.gif
[tired]=tired.gif
[pig]=pig.gif
[phone]=phone.gif
[icons]=icons.lst|2003.04.01 21:15:34|redfasds
tsdrytrd|[file]=file.gif
->=next.gif
[idea]=idea.gif
!!=warning.gif
??=question.gif
[smart]=smart.gif
:)))=fullcolorhappy.gif
:))=happy3.gif
:)=happy.gif
:(((((=cry3.gif
:((((=cry2.gif
:(((=cry.gif
:((=angry.gif
:(=engry.gif
:?=unknowface.gif
:D=happy2.gif
:DD=veryfunny.gif
:^=redface.gif
[wrong]=wrong.gif
[rigth]=right.gif
[evil][evil]=twistedevil.gif
[evil]=evil.gif
:~=confused.gif
:O=wow.gif
:o=surprised.gif
[smoking]=smoking.gif
(-/\\-)=showass.gif
:P=lick.gif
[fe]=fe.gif
!!!=warning2.gif
[heart]=heart.gif
@>>--=flower.gif
[inlove]=inlove.gif
[beautifull]=beautifull.gif
[woman]=woman.gif
[no]=no.gif
[hey]=hey.gif
[newmsg]=newmessage.gif
[privatmsg]=privat.gif
[addressbook]=addr.gif
[lips]=lips.gif
[glass]=glass.gif
[beer]=beer.gif
[gift]=gift.gif
[start]=star.gif
:*=kiss.gif
[drunk]=drunk.gif
[pf]=purpleface.gif
[men]=men.gif
[gf]=grayface.gif
[am]eatyou.gif
[onepar]=hug.gif
[brokenheart]=brokeheard.gif
[tired]=tired.gif
[pig]=pig.gif
[phone]=phone.gif
[icons]=icons.lst|2003.04.01 21:11:32|redfas
tikrai cia viskas|[file]=file.gif ->=next.gif [idea]=idea.gif !!=warning.gif ??=question.gif [smart]=smart.gif :)))=fullcolorhappy.gif :))=happy3.gif :)=happy.gif :(((((=cry3.gif :((((=cry2.gif :(((=cry.gif :((=angry.gif :(=engry.gif :?=unknowface.gif :D=happy2.gif :DD=veryfunny.gif :^=redface.gif [wrong]=wrong.gif [rigth]=right.gif [evil][evil]=twistedevil.gif [evil]=evil.gif :~=confused.gif :O=wow.gif :o=surprised.gif [smoking]=smoking.gif (-/\\-)=showass.gif :P=lick.gif [fe]=fe.gif !!!=warning2.gif [heart]=heart.gif @>>--=flower.gif [inlove]=inlove.gif [beautifull]=beautifull.gif [woman]=woman.gif [no]=no.gif [hey]=hey.gif [newmsg]=newmessage.gif [privatmsg]=privat.gif [addressbook]=addr.gif [lips]=lips.gif [glass]=glass.gif [beer]=beer.gif [gift]=gift.gif [start]=star.gif :*=kiss.gif [drunk]=drunk.gif [pf]=purpleface.gif [men]=men.gif [gf]=grayface.gif [am]eatyou.gif [onepar]=hug.gif [brokenheart]=brokeheard.gif [tired]=tired.gif [pig]=pig.gif [phone]=phone.gif [icons]=icons.lst|2003.04.01 21:04:29|viskas
assyautu|music XP|2003.04.01 21:02:58|sdayuy
testas|http://www.21int-lt.tk mailto:mekdrop@omni.lt|2003.04.01 20:58:08|testas
Nezinau kas cia :)|:) :P :)) :( :(( [inlove]|2003.04.01 19:43:14|Rexla
wNebus tarakonu...|Nauju seriju daugiau nebebus....|2003.03.30 21:20:23|Ogis
Nebus tarakonu...|Nauju seriju daugiau nebebus....|2003.03.30 21:19:45|Ogis
ash ne kurva|:)))))))))))))))))))))))))))))))))))))))))))))|2003.03.30 21:04:11|Kurva
Mixas.Net|ateikit i http://www.mixas.net!|2003.03.30 21:03:41|Kurmis
MekDrop|sdjjsd|2003.03.30 21:02:01|Rex4you
Vakar svente|Eina durniai kurvos kurie sugalvojo persukti laikrodi....|2003.03.30 20:59:01|NOnnUS
Naujas pranesimas|dsuiy yuiyui ysuiydauiyui yuidyauiyiuy uidyuid yui yduiyduiydias|2003.03.30 20:39:09|ORta
wNaujas 21 int ivaizdis|Ivaizdis :)))))))))))))))|2003.03.30 20:36:39|MekDrop
REXX|REXX REXX REXX REXX REXX REXX REXX REXX REXX REXX REXX REXX REXX REXX REXX REXX REXX REXX REXX REXX REXX REXX REXX REXX REXX REXX REXX REXX REXX REXX REXX REXX REXX REXX |2003.03.30 20:38:04|MekDrop
Mixas.Net|ateikit i http://www.mixas.net!|2003.03.30 20:45:14|Kurmis
Skaitliuko parodymai|Top 100 skaitliukas shios zinutes rasymo metu rode 2047 ir +75.|2003.03.30 21:00:59|Skaitliukas
